生成启动时间为 2013/10/13 15:37:33。
     1>项目“H:\C++\Seg\Seg\Seg\Seg.vcxproj”在节点 2 上(build 个目标)。
     1>InitializeBuildStatus:
         正在对“Release\Seg.unsuccessfulbuild”执行 Touch 任务。
       ClCompile:
         D:\Tool\Visual_Studio2010\VC\bin\CL.exe /c /Zi /nologo /W3 /WX- /O2 /Oi /Oy- /GL /D WIN32 /D NDEBUG /D _CONSOLE /D _UNICODE /D UNICODE /Gm- /EHsc /MD /GS /Gy /fp:precise /Zc:wchar_t /Zc:forScope /Fo"Release\\" /Fd"Release\vc100.pdb" /Gd /TP /analyze- /errorReport:prompt ..\main.cpp
         main.cpp
       Link:
         D:\Tool\Visual_Studio2010\VC\bin\link.exe /ERRORREPORT:PROMPT /OUT:"H:\C++\Seg\Seg\Release\Seg.exe" /INCREMENTAL:NO /NOLOGO kernel32.lib user32.lib gdi32.lib winspool.lib comdlg32.lib advapi32.lib shell32.lib ole32.lib oleaut32.lib uuid.lib odbc32.lib odbccp32.lib /MANIFEST /ManifestFile:"Release\Seg.exe.intermediate.manifest" /MANIFESTUAC:"level='asInvoker' uiAccess='false'" /DEBUG /PDB:"H:\C++\Seg\Seg\Release\Seg.pdb" /SUBSYSTEM:CONSOLE /OPT:REF /OPT:ICF /LTCG /TLBID:1 /DYNAMICBASE /NXCOMPAT /IMPLIB:"H:\C++\Seg\Seg\Release\Seg.lib" /MACHINE:X86 Release\function.obj
         Release\Interface.obj
         Release\main.obj
         Release\SegHMM.obj
         Release\str_function.obj
         Release\TrainHMM.obj
         Release\Trie.obj
         正在生成代码
         已完成代码的生成
         Seg.vcxproj -> H:\C++\Seg\Seg\Release\Seg.exe
       Manifest:
         C:\Program Files\Microsoft SDKs\Windows\v7.0A\bin\mt.exe /nologo /verbose /outputresource:"H:\C++\Seg\Seg\Release\Seg.exe;#1" /manifest Release\Seg.exe.intermediate.manifest
       FinalizeBuildStatus:
         正在删除文件“Release\Seg.unsuccessfulbuild”。
         正在对“Release\Seg.lastbuildstate”执行 Touch 任务。
     1>已完成生成项目“H:\C++\Seg\Seg\Seg\Seg.vcxproj”(build 个目标)的操作。

生成成功。

已用时间 00:00:03.44
