生成启动时间为 2013/11/7 9:13:12。
     1>项目“E:\labotery\gaolunwen\Seg\Seg\Seg\Seg.vcxproj”在节点 2 上(build 个目标)。
     1>InitializeBuildStatus:
         正在创建“Debug\Seg.unsuccessfulbuild”，因为已指定“AlwaysCreate”。
       ClCompile:
         C:\Program Files\Microsoft Visual Studio 10.0\VC\bin\CL.exe /c /ZI /nologo /W3 /WX- /Od /Oy- /D WIN32 /D _DEBUG /D _CONSOLE /D _UNICODE /D UNICODE /Gm /EHsc /RTC1 /MDd /GS /fp:precise /Zc:wchar_t /Zc:forScope /Fo"Debug\\" /Fd"Debug\vc100.pdb" /Gd /TP /analyze- /errorReport:prompt ..\GST.cpp
         GST.cpp
     1>e:\labotery\gaolunwen\seg\seg\gst.cpp(36): warning C4018: “<”: 有符号/无符号不匹配
     1>e:\labotery\gaolunwen\seg\seg\gst.cpp(39): warning C4018: “<”: 有符号/无符号不匹配
     1>e:\labotery\gaolunwen\seg\seg\gst.cpp(300): warning C4018: “<”: 有符号/无符号不匹配
       Link:
         C:\Program Files\Microsoft Visual Studio 10.0\VC\bin\link.exe /ERRORREPORT:PROMPT /OUT:"E:\labotery\gaolunwen\Seg\Seg\Debug\Seg.exe" /INCREMENTAL /NOLOGO kernel32.lib user32.lib gdi32.lib winspool.lib comdlg32.lib advapi32.lib shell32.lib ole32.lib oleaut32.lib uuid.lib odbc32.lib odbccp32.lib /MANIFEST /ManifestFile:"Debug\Seg.exe.intermediate.manifest" /MANIFESTUAC:"level='asInvoker' uiAccess='false'" /DEBUG /PDB:"E:\labotery\gaolunwen\Seg\Seg\Debug\Seg.pdb" /SUBSYSTEM:CONSOLE /TLBID:1 /DYNAMICBASE /NXCOMPAT /IMPLIB:"E:\labotery\gaolunwen\Seg\Seg\Debug\Seg.lib" /MACHINE:X86 Debug\entry.obj
         Debug\function.obj
         Debug\GST.obj
         Debug\GSTEdges.obj
         Debug\GSTNode.obj
         Debug\GSTSuffixTree.obj
         Debug\Interface.obj
         Debug\main.obj
         Debug\SegHMM.obj
         Debug\str_function.obj
         Debug\TrainHMM.obj
         Debug\TreeData.obj
         Debug\Trie.obj
         Seg.vcxproj -> E:\labotery\gaolunwen\Seg\Seg\Debug\Seg.exe
       Manifest:
         C:\Program Files\Microsoft SDKs\Windows\v7.0A\bin\mt.exe /nologo /verbose /out:"E:\labotery\gaolunwen\Seg\Seg\Debug\Seg.exe.manifest" /manifest Debug\Seg.exe.intermediate.manifest
       FinalizeBuildStatus:
         正在删除文件“Debug\Seg.unsuccessfulbuild”。
         正在对“Debug\Seg.lastbuildstate”执行 Touch 任务。
     1>已完成生成项目“E:\labotery\gaolunwen\Seg\Seg\Seg\Seg.vcxproj”(build 个目标)的操作。

生成成功。

已用时间 00:00:05.05
