H:\C++\SEG\SEG\DEBUG\SEG.EXE
H:\C++\SEG\SEG\DEBUG\SEG.EXE.MANIFEST
H:\C++\SEG\SEG\DEBUG\SEG.ILK
H:\C++\SEG\SEG\DEBUG\SEG.PDB
H:\C++\Seg\Seg\Seg\Debug\cl.command.1.tlog
H:\C++\Seg\Seg\Seg\Debug\CL.read.1.tlog
H:\C++\Seg\Seg\Seg\Debug\CL.write.1.tlog
H:\C++\SEG\SEG\SEG\DEBUG\FUNCTION.OBJ
H:\C++\SEG\SEG\SEG\DEBUG\INTERFACE.OBJ
H:\C++\Seg\Seg\Seg\Debug\link.10144.read.1.tlog
H:\C++\Seg\Seg\Seg\Debug\link.10144.write.1.tlog
H:\C++\Seg\Seg\Seg\Debug\link.11240.read.1.tlog
H:\C++\Seg\Seg\Seg\Debug\link.11240.write.1.tlog
H:\C++\Seg\Seg\Seg\Debug\link.1180.read.1.tlog
H:\C++\Seg\Seg\Seg\Debug\link.1180.write.1.tlog
H:\C++\Seg\Seg\Seg\Debug\link.1444.read.1.tlog
H:\C++\Seg\Seg\Seg\Debug\link.1444.write.1.tlog
H:\C++\Seg\Seg\Seg\Debug\link.1864.read.1.tlog
H:\C++\Seg\Seg\Seg\Debug\link.1864.write.1.tlog
H:\C++\Seg\Seg\Seg\Debug\link.1952.read.1.tlog
H:\C++\Seg\Seg\Seg\Debug\link.1952.write.1.tlog
H:\C++\Seg\Seg\Seg\Debug\link.1980.read.1.tlog
H:\C++\Seg\Seg\Seg\Debug\link.1980.write.1.tlog
H:\C++\Seg\Seg\Seg\Debug\link.2016.read.1.tlog
H:\C++\Seg\Seg\Seg\Debug\link.2016.write.1.tlog
H:\C++\Seg\Seg\Seg\Debug\link.2148.read.1.tlog
H:\C++\Seg\Seg\Seg\Debug\link.2148.write.1.tlog
H:\C++\Seg\Seg\Seg\Debug\link.2232.read.1.tlog
H:\C++\Seg\Seg\Seg\Debug\link.2232.write.1.tlog
H:\C++\Seg\Seg\Seg\Debug\link.2244.read.1.tlog
H:\C++\Seg\Seg\Seg\Debug\link.2244.write.1.tlog
H:\C++\Seg\Seg\Seg\Debug\link.2324.read.1.tlog
H:\C++\Seg\Seg\Seg\Debug\link.2324.write.1.tlog
H:\C++\Seg\Seg\Seg\Debug\link.2432.read.1.tlog
H:\C++\Seg\Seg\Seg\Debug\link.2432.write.1.tlog
H:\C++\Seg\Seg\Seg\Debug\link.2616.read.1.tlog
H:\C++\Seg\Seg\Seg\Debug\link.2616.write.1.tlog
H:\C++\Seg\Seg\Seg\Debug\link.2728.read.1.tlog
H:\C++\Seg\Seg\Seg\Debug\link.2728.write.1.tlog
H:\C++\Seg\Seg\Seg\Debug\link.2812.read.1.tlog
H:\C++\Seg\Seg\Seg\Debug\link.2812.write.1.tlog
H:\C++\Seg\Seg\Seg\Debug\link.3100.read.1.tlog
H:\C++\Seg\Seg\Seg\Debug\link.3100.write.1.tlog
H:\C++\Seg\Seg\Seg\Debug\link.3260.read.1.tlog
H:\C++\Seg\Seg\Seg\Debug\link.3260.write.1.tlog
H:\C++\Seg\Seg\Seg\Debug\link.3340.read.1.tlog
H:\C++\Seg\Seg\Seg\Debug\link.3340.write.1.tlog
H:\C++\Seg\Seg\Seg\Debug\link.3496.read.1.tlog
H:\C++\Seg\Seg\Seg\Debug\link.3496.write.1.tlog
H:\C++\Seg\Seg\Seg\Debug\link.3504.read.1.tlog
H:\C++\Seg\Seg\Seg\Debug\link.3504.write.1.tlog
H:\C++\Seg\Seg\Seg\Debug\link.3572.read.1.tlog
H:\C++\Seg\Seg\Seg\Debug\link.3572.write.1.tlog
H:\C++\Seg\Seg\Seg\Debug\link.3756.read.1.tlog
H:\C++\Seg\Seg\Seg\Debug\link.3756.write.1.tlog
H:\C++\Seg\Seg\Seg\Debug\link.3964.read.1.tlog
H:\C++\Seg\Seg\Seg\Debug\link.3964.write.1.tlog
H:\C++\Seg\Seg\Seg\Debug\link.4220.read.1.tlog
H:\C++\Seg\Seg\Seg\Debug\link.4220.write.1.tlog
H:\C++\Seg\Seg\Seg\Debug\link.4360.read.1.tlog
H:\C++\Seg\Seg\Seg\Debug\link.4360.write.1.tlog
H:\C++\Seg\Seg\Seg\Debug\link.4432.read.1.tlog
H:\C++\Seg\Seg\Seg\Debug\link.4432.write.1.tlog
H:\C++\Seg\Seg\Seg\Debug\link.4444.read.1.tlog
H:\C++\Seg\Seg\Seg\Debug\link.4444.write.1.tlog
H:\C++\Seg\Seg\Seg\Debug\link.4472.read.1.tlog
H:\C++\Seg\Seg\Seg\Debug\link.4472.write.1.tlog
H:\C++\Seg\Seg\Seg\Debug\link.480.read.1.tlog
H:\C++\Seg\Seg\Seg\Debug\link.480.write.1.tlog
H:\C++\Seg\Seg\Seg\Debug\link.4944.read.1.tlog
H:\C++\Seg\Seg\Seg\Debug\link.4944.write.1.tlog
H:\C++\Seg\Seg\Seg\Debug\link.5128.read.1.tlog
H:\C++\Seg\Seg\Seg\Debug\link.5128.write.1.tlog
H:\C++\Seg\Seg\Seg\Debug\link.5280.read.1.tlog
H:\C++\Seg\Seg\Seg\Debug\link.5280.write.1.tlog
H:\C++\Seg\Seg\Seg\Debug\link.5368.read.1.tlog
H:\C++\Seg\Seg\Seg\Debug\link.5368.write.1.tlog
H:\C++\Seg\Seg\Seg\Debug\link.5396.read.1.tlog
H:\C++\Seg\Seg\Seg\Debug\link.5396.write.1.tlog
H:\C++\Seg\Seg\Seg\Debug\link.5448.read.1.tlog
H:\C++\Seg\Seg\Seg\Debug\link.5448.write.1.tlog
H:\C++\Seg\Seg\Seg\Debug\link.5456.read.1.tlog
H:\C++\Seg\Seg\Seg\Debug\link.5456.write.1.tlog
H:\C++\Seg\Seg\Seg\Debug\link.5524.read.1.tlog
H:\C++\Seg\Seg\Seg\Debug\link.5524.write.1.tlog
H:\C++\Seg\Seg\Seg\Debug\link.5552.read.1.tlog
H:\C++\Seg\Seg\Seg\Debug\link.5552.write.1.tlog
H:\C++\Seg\Seg\Seg\Debug\link.5576.read.1.tlog
H:\C++\Seg\Seg\Seg\Debug\link.5576.write.1.tlog
H:\C++\Seg\Seg\Seg\Debug\link.5644.read.1.tlog
H:\C++\Seg\Seg\Seg\Debug\link.5644.write.1.tlog
H:\C++\Seg\Seg\Seg\Debug\link.5648.read.1.tlog
H:\C++\Seg\Seg\Seg\Debug\link.5648.write.1.tlog
H:\C++\Seg\Seg\Seg\Debug\link.5924.read.1.tlog
H:\C++\Seg\Seg\Seg\Debug\link.5924.write.1.tlog
H:\C++\Seg\Seg\Seg\Debug\link.5956.read.1.tlog
H:\C++\Seg\Seg\Seg\Debug\link.5956.write.1.tlog
H:\C++\Seg\Seg\Seg\Debug\link.5968.read.1.tlog
H:\C++\Seg\Seg\Seg\Debug\link.5968.write.1.tlog
H:\C++\Seg\Seg\Seg\Debug\link.6172.read.1.tlog
H:\C++\Seg\Seg\Seg\Debug\link.6172.write.1.tlog
H:\C++\Seg\Seg\Seg\Debug\link.6272.read.1.tlog
H:\C++\Seg\Seg\Seg\Debug\link.6272.write.1.tlog
H:\C++\Seg\Seg\Seg\Debug\link.6452.read.1.tlog
H:\C++\Seg\Seg\Seg\Debug\link.6452.write.1.tlog
H:\C++\Seg\Seg\Seg\Debug\link.6460.read.1.tlog
H:\C++\Seg\Seg\Seg\Debug\link.6460.write.1.tlog
H:\C++\Seg\Seg\Seg\Debug\link.6504.read.1.tlog
H:\C++\Seg\Seg\Seg\Debug\link.6504.write.1.tlog
H:\C++\Seg\Seg\Seg\Debug\link.6784.read.1.tlog
H:\C++\Seg\Seg\Seg\Debug\link.6784.write.1.tlog
H:\C++\Seg\Seg\Seg\Debug\link.688.read.1.tlog
H:\C++\Seg\Seg\Seg\Debug\link.688.write.1.tlog
H:\C++\Seg\Seg\Seg\Debug\link.7208.read.1.tlog
H:\C++\Seg\Seg\Seg\Debug\link.7208.write.1.tlog
H:\C++\Seg\Seg\Seg\Debug\link.7244.read.1.tlog
H:\C++\Seg\Seg\Seg\Debug\link.7244.write.1.tlog
H:\C++\Seg\Seg\Seg\Debug\link.7388.read.1.tlog
H:\C++\Seg\Seg\Seg\Debug\link.7388.write.1.tlog
H:\C++\Seg\Seg\Seg\Debug\link.7416.read.1.tlog
H:\C++\Seg\Seg\Seg\Debug\link.7416.write.1.tlog
H:\C++\Seg\Seg\Seg\Debug\link.7436.read.1.tlog
H:\C++\Seg\Seg\Seg\Debug\link.7436.write.1.tlog
H:\C++\Seg\Seg\Seg\Debug\link.7692.read.1.tlog
H:\C++\Seg\Seg\Seg\Debug\link.7692.write.1.tlog
H:\C++\Seg\Seg\Seg\Debug\link.7716.read.1.tlog
H:\C++\Seg\Seg\Seg\Debug\link.7716.write.1.tlog
H:\C++\Seg\Seg\Seg\Debug\link.8124.read.1.tlog
H:\C++\Seg\Seg\Seg\Debug\link.8124.write.1.tlog
H:\C++\Seg\Seg\Seg\Debug\link.8636.read.1.tlog
H:\C++\Seg\Seg\Seg\Debug\link.8636.write.1.tlog
H:\C++\Seg\Seg\Seg\Debug\link.9136.read.1.tlog
H:\C++\Seg\Seg\Seg\Debug\link.9136.write.1.tlog
H:\C++\Seg\Seg\Seg\Debug\link.9580.read.1.tlog
H:\C++\Seg\Seg\Seg\Debug\link.9580.write.1.tlog
H:\C++\Seg\Seg\Seg\Debug\link.9656.read.1.tlog
H:\C++\Seg\Seg\Seg\Debug\link.9656.write.1.tlog
H:\C++\Seg\Seg\Seg\Debug\link.9772.read.1.tlog
H:\C++\Seg\Seg\Seg\Debug\link.9772.write.1.tlog
H:\C++\Seg\Seg\Seg\Debug\link.command.1.tlog
H:\C++\Seg\Seg\Seg\Debug\link.read.1.tlog
H:\C++\Seg\Seg\Seg\Debug\link.write.1.tlog
H:\C++\SEG\SEG\SEG\DEBUG\MAIN.OBJ
H:\C++\Seg\Seg\Seg\Debug\mt.command.1.tlog
H:\C++\Seg\Seg\Seg\Debug\mt.read.1.tlog
H:\C++\Seg\Seg\Seg\Debug\mt.write.1.tlog
H:\C++\Seg\Seg\Seg\Debug\rc.command.1.tlog
H:\C++\Seg\Seg\Seg\Debug\rc.read.1.tlog
H:\C++\Seg\Seg\Seg\Debug\rc.write.1.tlog
H:\C++\Seg\Seg\Seg\Debug\Seg.exe.embed.manifest
H:\C++\SEG\SEG\SEG\DEBUG\SEG.EXE.EMBED.MANIFEST.RES
H:\C++\SEG\SEG\SEG\DEBUG\SEG.EXE.INTERMEDIATE.MANIFEST
H:\C++\Seg\Seg\Seg\Debug\Seg.vcxprojResolveAssemblyReference.cache
H:\C++\Seg\Seg\Seg\Debug\Seg.write.1.tlog
H:\C++\Seg\Seg\Seg\Debug\Seg_manifest.rc
H:\C++\SEG\SEG\SEG\DEBUG\SEGHMM.OBJ
H:\C++\SEG\SEG\SEG\DEBUG\STR_FUNCTION.OBJ
H:\C++\SEG\SEG\SEG\DEBUG\TESTMAIN.OBJ
H:\C++\SEG\SEG\SEG\DEBUG\TINYXML2.OBJ
H:\C++\SEG\SEG\SEG\DEBUG\TRAINHMM.OBJ
H:\C++\SEG\SEG\SEG\DEBUG\TRIE.OBJ
H:\C++\Seg\Seg\Seg\Debug\vc100.idb
H:\C++\SEG\SEG\SEG\DEBUG\VC100.PDB
